0 info it worked if it ends with ok
1 verbose cli [ '/usr/bin/node', '/usr/bin/npm', 'run', 'dev' ]
2 info using npm@3.10.3
3 info using node@v6.7.0
4 verbose run-script [ 'predev', 'dev', 'postdev' ]
5 info lifecycle express-es6-rest-api@0.3.0~predev: express-es6-rest-api@0.3.0
6 silly lifecycle express-es6-rest-api@0.3.0~predev: no script for predev, continuing
7 info lifecycle express-es6-rest-api@0.3.0~dev: express-es6-rest-api@0.3.0
8 verbose lifecycle express-es6-rest-api@0.3.0~dev: unsafe-perm in lifecycle true
9 verbose lifecycle express-es6-rest-api@0.3.0~dev: PATH: /usr/lib/node_modules/npm/bin/node-gyp-bin:/www/node_modules/.bin:/usr/bin:/usr/local/sbin:/usr/local/bin:/usr/sbin:/usr/bin:/sbin:/bin
10 verbose lifecycle express-es6-rest-api@0.3.0~dev: CWD: /www
11 silly lifecycle express-es6-rest-api@0.3.0~dev: Args: [ '-c',
11 silly lifecycle   'nodemon -w src/ --exec "babel-node src/ --presets es2015,stage-0"' ]
12 info lifecycle express-es6-rest-api@0.3.0~dev: Failed to exec dev script
13 verbose stack Error: express-es6-rest-api@0.3.0 dev: `nodemon -w src/ --exec "babel-node src/ --presets es2015,stage-0"`
13 verbose stack spawn ENOENT
13 verbose stack     at ChildProcess.<anonymous> (/usr/lib/node_modules/npm/lib/utils/spawn.js:33:16)
13 verbose stack     at emitTwo (events.js:106:13)
13 verbose stack     at ChildProcess.emit (events.js:191:7)
13 verbose stack     at maybeClose (internal/child_process.js:877:16)
13 verbose stack     at Process.ChildProcess._handle.onexit (internal/child_process.js:226:5)
14 verbose pkgid express-es6-rest-api@0.3.0
15 verbose cwd /www
16 error Linux 4.9.93-linuxkit-aufs
17 error argv "/usr/bin/node" "/usr/bin/npm" "run" "dev"
18 error node v6.7.0
19 error npm  v3.10.3
20 error file sh
21 error code ELIFECYCLE
22 error errno ENOENT
23 error syscall spawn
24 error express-es6-rest-api@0.3.0 dev: `nodemon -w src/ --exec "babel-node src/ --presets es2015,stage-0"`
24 error spawn ENOENT
25 error Failed at the express-es6-rest-api@0.3.0 dev script 'nodemon -w src/ --exec "babel-node src/ --presets es2015,stage-0"'.
25 error Make sure you have the latest version of node.js and npm installed.
25 error If you do, this is most likely a problem with the express-es6-rest-api package,
25 error not with npm itself.
25 error Tell the author that this fails on your system:
25 error     nodemon -w src/ --exec "babel-node src/ --presets es2015,stage-0"
25 error You can get information on how to open an issue for this project with:
25 error     npm bugs express-es6-rest-api
25 error Or if that isn't available, you can get their info via:
25 error     npm owner ls express-es6-rest-api
25 error There is likely additional logging output above.
26 verbose exit [ 1, true ]
